
> animagen-backend@1.0.0 start
> node index.js

Server listening at http://localhost:3001
AnimaGen Backend Server is ready!
Supported formats: GIF, MP4, WebM
Quality presets: web, standard, high, premium, ultra
Transition effects: none, fade, fadeblack, fadewhite, dissolve, slideleft, slideright, slideup, slidedown, wipeleft, wiperight, wipeup, wipedown, wipetl, wipetr, wipebl, wipebr, smoothleft, smoothright, smoothup, smoothdown, circlecrop, rectcrop, circleopen, circleclose, horzopen, horzclose, vertopen, vertclose, diagbl, diagbr, diagtl, diagtr, radial, pixelize, distance, squeezev, squeezeh, zoomin, coverleft, coverright, coverup, coverdown, revealleft, revealright, revealup, revealdown, hlwind, hrwind, vuwind, vdwind, hlslice, hrslice, vuslice, vdslice, fadegrays, hblur
🎨 Exporting GIF from video: /Users/gsus/CascadeProjects/AnimaGen/backend/temp/1751209574750/trimmed_1751209574758.mp4
✅ Palette generated, creating GIF...
FFmpeg GIF command: ffmpeg -i /Users/gsus/CascadeProjects/AnimaGen/backend/temp/1751209574750/trimmed_1751209574758.mp4 -i /Users/gsus/CascadeProjects/AnimaGen/backend/output/palette_1751222991762.png -y -filter_complex [0:v]scale=640:-1:flags=lanczos[v];[v][1:v]paletteuse=dither=bayer:bayer_scale=5 -r 15 -loop 0 /Users/gsus/CascadeProjects/AnimaGen/backend/output/exported_1751222991762.gif
✅ GIF export completed
🎬 Trimming video: /Users/gsus/CascadeProjects/AnimaGen/backend/temp/1751223046648/1751223046649_animagen_1751059631380.mp4
⏰ From 2.635444320556903s to 3.779215244306903s
💾 Output: /Users/gsus/CascadeProjects/AnimaGen/backend/temp/1751223060335/trimmed_1751223060340.mp4
🚀 FFmpeg command: ffmpeg -ss 2.635444320556903 -i /Users/gsus/CascadeProjects/AnimaGen/backend/temp/1751223046648/1751223046649_animagen_1751059631380.mp4 -y -acodec aac -vcodec libx264 -t 1.14377092375 /Users/gsus/CascadeProjects/AnimaGen/backend/temp/1751223060335/trimmed_1751223060340.mp4
⏳ Trim progress: NaN%
⏳ Trim progress: NaN%
⏳ Trim progress: 2.6086954459529292%
⏳ Trim progress: 20.158101173272634%
⏳ Trim progress: 26.324108590979563%
✅ Video trimmed successfully
🎨 Exporting GIF from video: /Users/gsus/CascadeProjects/AnimaGen/backend/temp/1751223060335/trimmed_1751223060340.mp4
✅ Palette generated, creating GIF...
FFmpeg GIF command: ffmpeg -i /Users/gsus/CascadeProjects/AnimaGen/backend/temp/1751223060335/trimmed_1751223060340.mp4 -i /Users/gsus/CascadeProjects/AnimaGen/backend/output/palette_1751223064087.png -y -filter_complex [0:v]scale=640:-1:flags=lanczos[v];[v][1:v]paletteuse=dither=bayer:bayer_scale=5 -r 30 -loop 0 /Users/gsus/CascadeProjects/AnimaGen/backend/output/exported_1751223064087.gif
✅ GIF export completed
Preview: Processing 1 images with transitions
Preview: Frame durations (ms): [ 1000, 1000, 1000, 1000, 1000, 1000 ]
Preview: Transitions: [
  'fade:500ms',
  'fade:500ms',
  'fade:500ms',
  'fade:500ms',
  'fade:500ms'
]
Preview: Default duration (ms): 1500
Preview: Total duration: 1.15s, Max transition: 0.50s
Preview: Image 1/1 - Base: 1.00s, Input: 2.23s
buildUnifiedTransitionChain: 1 images, 5 transitions
Single image, returning [v0]
FFmpeg started for Preview: ffmpeg -loop 1 -t 2.225 -i /Users/gsus/CascadeProjects/AnimaGen/backend/temp/1751229050707/1751229050707_WAIRE - SYMBOL MOVING.jpg -y -filter_complex [0:v]scale=640:480:force_original_aspect_ratio=decrease,pad=640:480:(ow-iw)/2:(oh-ih)/2,setpts=PTS-STARTPTS,fps=30[v0] -c:v libx264 -preset ultrafast -profile:v baseline -crf 28 -b:v 1M -pix_fmt yuv420p -movflags +faststart -map [v0] /Users/gsus/CascadeProjects/AnimaGen/backend/output/preview_1751229050707_1751229053959.mp4
Preview: Processing 2 images with transitions
Preview: Frame durations (ms): [
  1000, 1000, 1000,
  1000, 1000, 1000,
  1000, 1000, 1000,
  1000, 1000, 1000
]
Preview: Transitions: [
  'fade:500ms', 'fade:500ms',
  'fade:500ms', 'fade:500ms',
  'fade:500ms', 'fade:500ms',
  'fade:500ms', 'fade:500ms',
  'fade:500ms', 'fade:500ms',
  'fade:500ms'
]
Preview: Default duration (ms): 1500
Preview: Total duration: 2.30s, Max transition: 0.50s
Preview: Image 1/2 - Base: 1.00s, Input: 1.97s
Preview: Image 2/2 - Base: 1.00s, Input: 1.97s
buildUnifiedTransitionChain: 2 images, 11 transitions
Using xfade transition chain
Frame 0->1: duration=1s, offset=0.5s, transition=0.5s
XFade filter: [v0][v1]xfade=transition=fade:duration=0.5:offset=0.5[outv]
Total xfade transitions processed: 1, final output: [outv]
FFmpeg started for Preview: ffmpeg -loop 1 -t 1.9749999999999999 -i /Users/gsus/CascadeProjects/AnimaGen/backend/temp/1751229050707/1751229050707_WAIRE - SYMBOL MOVING.jpg -loop 1 -t 1.9749999999999999 -i /Users/gsus/CascadeProjects/AnimaGen/backend/temp/1751229050707/1751229050707_WAIRE - SYMBOL MOVING.jpg -y -filter_complex [0:v]scale=640:480:force_original_aspect_ratio=decrease,pad=640:480:(ow-iw)/2:(oh-ih)/2,setpts=PTS-STARTPTS,fps=30[v0];[1:v]scale=640:480:force_original_aspect_ratio=decrease,pad=640:480:(ow-iw)/2:(oh-ih)/2,setpts=PTS-STARTPTS,fps=30[v1];[v0][v1]xfade=transition=fade:duration=0.5:offset=0.5[outv] -c:v libx264 -preset ultrafast -profile:v baseline -crf 28 -b:v 1M -pix_fmt yuv420p -movflags +faststart -map [outv] /Users/gsus/CascadeProjects/AnimaGen/backend/output/preview_1751229050707_1751229068068.mp4
Preview: Processing 2 images with transitions
Preview: Frame durations (ms): [
  1000, 1000, 1000,
  1000, 1000, 1000,
  1000, 1000, 1000,
  1000, 1000
]
Preview: Transitions: [
  'fade:500ms', 'fade:500ms',
  'fade:500ms', 'fade:500ms',
  'fade:500ms', 'fade:500ms',
  'fade:500ms', 'fade:500ms',
  'fade:500ms', 'fade:500ms'
]
Preview: Default duration (ms): 1500
Preview: Total duration: 2.30s, Max transition: 0.50s
Preview: Image 1/2 - Base: 1.00s, Input: 1.97s
Preview: Image 2/2 - Base: 1.00s, Input: 1.97s
buildUnifiedTransitionChain: 2 images, 10 transitions
Using xfade transition chain
Frame 0->1: duration=1s, offset=0.5s, transition=0.5s
XFade filter: [v0][v1]xfade=transition=fade:duration=0.5:offset=0.5[outv]
Total xfade transitions processed: 1, final output: [outv]
FFmpeg started for Preview: ffmpeg -loop 1 -t 1.9749999999999999 -i /Users/gsus/CascadeProjects/AnimaGen/backend/temp/1751229050707/1751229050707_WAIRE - SYMBOL MOVING.jpg -loop 1 -t 1.9749999999999999 -i /Users/gsus/CascadeProjects/AnimaGen/backend/temp/1751229050707/1751229050707_WAIRE - SYMBOL MOVING.jpg -y -filter_complex [0:v]scale=640:480:force_original_aspect_ratio=decrease,pad=640:480:(ow-iw)/2:(oh-ih)/2,setpts=PTS-STARTPTS,fps=30[v0];[1:v]scale=640:480:force_original_aspect_ratio=decrease,pad=640:480:(ow-iw)/2:(oh-ih)/2,setpts=PTS-STARTPTS,fps=30[v1];[v0][v1]xfade=transition=fade:duration=0.5:offset=0.5[outv] -c:v libx264 -preset ultrafast -profile:v baseline -crf 28 -b:v 1M -pix_fmt yuv420p -movflags +faststart -map [outv] /Users/gsus/CascadeProjects/AnimaGen/backend/output/preview_1751229050707_1751229386887.mp4
Preview: Processing 2 images with transitions
Preview: Frame durations (ms): [
  1000, 1000, 1000,
  1000, 1000, 1000,
  1000, 1000, 1000,
  1000
]
Preview: Transitions: [
  'fade:500ms',
  'fade:500ms',
  'fade:500ms',
  'fade:500ms',
  'fade:500ms',
  'fade:500ms',
  'fade:500ms',
  'fade:500ms',
  'fade:500ms'
]
Preview: Default duration (ms): 1500
Preview: Total duration: 2.30s, Max transition: 0.50s
Preview: Image 1/2 - Base: 1.00s, Input: 1.97s
Preview: Image 2/2 - Base: 1.00s, Input: 1.97s
buildUnifiedTransitionChain: 2 images, 9 transitions
Using xfade transition chain
Frame 0->1: duration=1s, offset=0.5s, transition=0.5s
XFade filter: [v0][v1]xfade=transition=fade:duration=0.5:offset=0.5[outv]
Total xfade transitions processed: 1, final output: [outv]
FFmpeg started for Preview: ffmpeg -loop 1 -t 1.9749999999999999 -i /Users/gsus/CascadeProjects/AnimaGen/backend/temp/1751229050707/1751229050707_WAIRE - SYMBOL MOVING.jpg -loop 1 -t 1.9749999999999999 -i /Users/gsus/CascadeProjects/AnimaGen/backend/temp/1751229050707/1751229050707_WAIRE - SYMBOL MOVING.jpg -y -filter_complex [0:v]scale=640:480:force_original_aspect_ratio=decrease,pad=640:480:(ow-iw)/2:(oh-ih)/2,setpts=PTS-STARTPTS,fps=30[v0];[1:v]scale=640:480:force_original_aspect_ratio=decrease,pad=640:480:(ow-iw)/2:(oh-ih)/2,setpts=PTS-STARTPTS,fps=30[v1];[v0][v1]xfade=transition=fade:duration=0.5:offset=0.5[outv] -c:v libx264 -preset ultrafast -profile:v baseline -crf 28 -b:v 1M -pix_fmt yuv420p -movflags +faststart -map [outv] /Users/gsus/CascadeProjects/AnimaGen/backend/output/preview_1751229050707_1751229387625.mp4
Preview: Processing 2 images with transitions
Preview: Frame durations (ms): [
  1000, 1000, 1000,
  1000, 1000, 1000,
  1000, 1000, 1000,
  1000
]
Preview: Transitions: [
  'fade:500ms',
  'fade:500ms',
  'fade:500ms',
  'fade:500ms',
  'fade:500ms',
  'fade:500ms',
  'fade:500ms',
  'fade:500ms',
  'fade:500ms'
]
Preview: Default duration (ms): 1500
Preview: Total duration: 2.30s, Max transition: 0.50s
Preview: Image 1/2 - Base: 1.00s, Input: 1.97s
Preview: Image 2/2 - Base: 1.00s, Input: 1.97s
buildUnifiedTransitionChain: 2 images, 9 transitions
Using xfade transition chain
Frame 0->1: duration=1s, offset=0.5s, transition=0.5s
XFade filter: [v0][v1]xfade=transition=fade:duration=0.5:offset=0.5[outv]
Total xfade transitions processed: 1, final output: [outv]
FFmpeg started for Preview: ffmpeg -loop 1 -t 1.9749999999999999 -i /Users/gsus/CascadeProjects/AnimaGen/backend/temp/1751229050707/1751229050707_WAIRE - SYMBOL MOVING.jpg -loop 1 -t 1.9749999999999999 -i /Users/gsus/CascadeProjects/AnimaGen/backend/temp/1751229050707/1751229050707_WAIRE - SYMBOL MOVING.jpg -y -filter_complex [0:v]scale=640:480:force_original_aspect_ratio=decrease,pad=640:480:(ow-iw)/2:(oh-ih)/2,setpts=PTS-STARTPTS,fps=30[v0];[1:v]scale=640:480:force_original_aspect_ratio=decrease,pad=640:480:(ow-iw)/2:(oh-ih)/2,setpts=PTS-STARTPTS,fps=30[v1];[v0][v1]xfade=transition=fade:duration=0.5:offset=0.5[outv] -c:v libx264 -preset ultrafast -profile:v baseline -crf 28 -b:v 1M -pix_fmt yuv420p -movflags +faststart -map [outv] /Users/gsus/CascadeProjects/AnimaGen/backend/output/preview_1751229050707_1751230195047.mp4
Preview: Processing 1 images with transitions
Preview: Frame durations (ms): [ 1000, 1000, 1000, 1000, 1000 ]
Preview: Transitions: [ 'fade:500ms', 'fade:500ms', 'fade:500ms', 'fade:500ms' ]
Preview: Default duration (ms): 1500
Preview: Total duration: 1.15s, Max transition: 0.50s
Preview: Image 1/1 - Base: 1.00s, Input: 2.23s
buildUnifiedTransitionChain: 1 images, 4 transitions
Single image, returning [v0]
FFmpeg started for Preview: ffmpeg -loop 1 -t 2.225 -i /Users/gsus/CascadeProjects/AnimaGen/backend/temp/1751231220341/1751231220342_WAIRE - SYMBOL VERSIONS.jpg -y -filter_complex [0:v]scale=640:480:force_original_aspect_ratio=decrease,pad=640:480:(ow-iw)/2:(oh-ih)/2,setpts=PTS-STARTPTS,fps=30[v0] -c:v libx264 -preset ultrafast -profile:v baseline -crf 28 -b:v 1M -pix_fmt yuv420p -movflags +faststart -map [v0] /Users/gsus/CascadeProjects/AnimaGen/backend/output/preview_1751231220341_1751231222422.mp4
Preview: Processing 1 images with transitions
Preview: Frame durations (ms): [ 1000, 1000, 1000 ]
Preview: Transitions: [ 'fade:500ms', 'fade:500ms' ]
Preview: Default duration (ms): 1500
Preview: Total duration: 1.15s, Max transition: 0.50s
Preview: Image 1/1 - Base: 1.00s, Input: 2.23s
buildUnifiedTransitionChain: 1 images, 2 transitions
Single image, returning [v0]
FFmpeg started for Preview: ffmpeg -loop 1 -t 2.225 -i /Users/gsus/CascadeProjects/AnimaGen/backend/temp/1751232012402/1751232012402_WAIRE - WORDMARK VERSIONS.jpg -y -filter_complex [0:v]scale=640:480:force_original_aspect_ratio=decrease,pad=640:480:(ow-iw)/2:(oh-ih)/2,setpts=PTS-STARTPTS,fps=30[v0] -c:v libx264 -preset ultrafast -profile:v baseline -crf 28 -b:v 1M -pix_fmt yuv420p -movflags +faststart -map [v0] /Users/gsus/CascadeProjects/AnimaGen/backend/output/preview_1751232012402_1751232024326.mp4
Preview: Processing 1 images with transitions
Preview: Frame durations (ms): [ 1000, 1000, 1000 ]
Preview: Transitions: [ 'fade:500ms', 'fade:500ms' ]
Preview: Default duration (ms): 1500
Preview: Total duration: 1.15s, Max transition: 0.50s
Preview: Image 1/1 - Base: 1.00s, Input: 2.23s
buildUnifiedTransitionChain: 1 images, 2 transitions
Single image, returning [v0]
FFmpeg started for Preview: ffmpeg -loop 1 -t 2.225 -i /Users/gsus/CascadeProjects/AnimaGen/backend/temp/1751232012402/1751232012402_WAIRE - WORDMARK VERSIONS.jpg -y -filter_complex [0:v]scale=640:480:force_original_aspect_ratio=decrease,pad=640:480:(ow-iw)/2:(oh-ih)/2,setpts=PTS-STARTPTS,fps=30[v0] -c:v libx264 -preset ultrafast -profile:v baseline -crf 28 -b:v 1M -pix_fmt yuv420p -movflags +faststart -map [v0] /Users/gsus/CascadeProjects/AnimaGen/backend/output/preview_1751232012402_1751232061206.mp4
Preview: Processing 1 images with transitions
Preview: Frame durations (ms): [ 1000, 1000, 1000 ]
Preview: Transitions: [ 'fade:500ms', 'zoom:500ms' ]
Preview: Default duration (ms): 1500
Preview: Total duration: 1.15s, Max transition: 0.50s
Preview: Image 1/1 - Base: 1.00s, Input: 2.23s
buildUnifiedTransitionChain: 1 images, 2 transitions
Single image, returning [v0]
FFmpeg started for Preview: ffmpeg -loop 1 -t 2.225 -i /Users/gsus/CascadeProjects/AnimaGen/backend/temp/1751232012402/1751232012402_WAIRE - WORDMARK VERSIONS.jpg -y -filter_complex [0:v]scale=640:480:force_original_aspect_ratio=decrease,pad=640:480:(ow-iw)/2:(oh-ih)/2,setpts=PTS-STARTPTS,fps=30[v0] -c:v libx264 -preset ultrafast -profile:v baseline -crf 28 -b:v 1M -pix_fmt yuv420p -movflags +faststart -map [v0] /Users/gsus/CascadeProjects/AnimaGen/backend/output/preview_1751232012402_1751232066733.mp4
Preview: Processing 1 images with transitions
Preview: Frame durations (ms): [ 1000, 1000, 1000 ]
Preview: Transitions: [ 'fade:500ms', 'zoom:500ms' ]
Preview: Default duration (ms): 1500
Preview: Total duration: 1.15s, Max transition: 0.50s
Preview: Image 1/1 - Base: 1.00s, Input: 2.23s
buildUnifiedTransitionChain: 1 images, 2 transitions
Single image, returning [v0]
FFmpeg started for Preview: ffmpeg -loop 1 -t 2.225 -i /Users/gsus/CascadeProjects/AnimaGen/backend/temp/1751232012402/1751232012402_WAIRE - WORDMARK VERSIONS.jpg -y -filter_complex [0:v]scale=640:480:force_original_aspect_ratio=decrease,pad=640:480:(ow-iw)/2:(oh-ih)/2,setpts=PTS-STARTPTS,fps=30[v0] -c:v libx264 -preset ultrafast -profile:v baseline -crf 28 -b:v 1M -pix_fmt yuv420p -movflags +faststart -map [v0] /Users/gsus/CascadeProjects/AnimaGen/backend/output/preview_1751232012402_1751232078109.mp4
Preview: Processing 1 images with transitions
Preview: Frame durations (ms): [ 1000, 1000, 1000 ]
Preview: Transitions: [ 'fade:500ms', 'fade:500ms' ]
Preview: Default duration (ms): 1500
Preview: Total duration: 1.15s, Max transition: 0.50s
Preview: Image 1/1 - Base: 1.00s, Input: 2.23s
buildUnifiedTransitionChain: 1 images, 2 transitions
Single image, returning [v0]
FFmpeg started for Preview: ffmpeg -loop 1 -t 2.225 -i /Users/gsus/CascadeProjects/AnimaGen/backend/temp/1751232264322/1751232264322_WAIRE - SYMBOL VERSIONS.jpg -y -filter_complex [0:v]scale=640:480:force_original_aspect_ratio=decrease,pad=640:480:(ow-iw)/2:(oh-ih)/2,setpts=PTS-STARTPTS,fps=30[v0] -c:v libx264 -preset ultrafast -profile:v baseline -crf 28 -b:v 1M -pix_fmt yuv420p -movflags +faststart -map [v0] /Users/gsus/CascadeProjects/AnimaGen/backend/output/preview_1751232264322_1751232265416.mp4
Preview: Processing 1 images with transitions
Preview: Frame durations (ms): [ 1000, 1000, 1000 ]
Preview: Transitions: [ 'fade:500ms', 'fade:500ms' ]
Preview: Default duration (ms): 1500
Preview: Total duration: 1.15s, Max transition: 0.50s
Preview: Image 1/1 - Base: 1.00s, Input: 2.23s
buildUnifiedTransitionChain: 1 images, 2 transitions
Single image, returning [v0]
FFmpeg started for Preview: ffmpeg -loop 1 -t 2.225 -i /Users/gsus/CascadeProjects/AnimaGen/backend/temp/1751232264322/1751232264322_WAIRE - SYMBOL VERSIONS.jpg -y -filter_complex [0:v]scale=640:480:force_original_aspect_ratio=decrease,pad=640:480:(ow-iw)/2:(oh-ih)/2,setpts=PTS-STARTPTS,fps=30[v0] -c:v libx264 -preset ultrafast -profile:v baseline -crf 28 -b:v 1M -pix_fmt yuv420p -movflags +faststart -map [v0] /Users/gsus/CascadeProjects/AnimaGen/backend/output/preview_1751232264322_1751232274282.mp4
Preview: Processing 1 images with transitions
Preview: Frame durations (ms): [ 1000, 1000, 1000 ]
Preview: Transitions: [ 'fade:500ms', 'fade:500ms' ]
Preview: Default duration (ms): 1500
Preview: Total duration: 1.15s, Max transition: 0.50s
Preview: Image 1/1 - Base: 1.00s, Input: 2.23s
buildUnifiedTransitionChain: 1 images, 2 transitions
Single image, returning [v0]
FFmpeg started for Preview: ffmpeg -loop 1 -t 2.225 -i /Users/gsus/CascadeProjects/AnimaGen/backend/temp/1751232264322/1751232264322_WAIRE - SYMBOL VERSIONS.jpg -y -filter_complex [0:v]scale=640:480:force_original_aspect_ratio=decrease,pad=640:480:(ow-iw)/2:(oh-ih)/2,setpts=PTS-STARTPTS,fps=30[v0] -c:v libx264 -preset ultrafast -profile:v baseline -crf 28 -b:v 1M -pix_fmt yuv420p -movflags +faststart -map [v0] /Users/gsus/CascadeProjects/AnimaGen/backend/output/preview_1751232264322_1751232278892.mp4
Preview: Processing 1 images with transitions
Preview: Frame durations (ms): [ 1000, 1000, 1000, 1000 ]
Preview: Transitions: [ 'fade:500ms', 'fade:500ms', 'fade:500ms' ]
Preview: Default duration (ms): 1500
Preview: Total duration: 1.15s, Max transition: 0.50s
Preview: Image 1/1 - Base: 1.00s, Input: 2.23s
buildUnifiedTransitionChain: 1 images, 3 transitions
Single image, returning [v0]
FFmpeg started for Preview: ffmpeg -loop 1 -t 2.225 -i /Users/gsus/CascadeProjects/AnimaGen/backend/temp/1751258235261/1751258235261_WAIRE - SYMBOL CONCEPT.jpg -y -filter_complex [0:v]scale=640:480:force_original_aspect_ratio=decrease,pad=640:480:(ow-iw)/2:(oh-ih)/2,setpts=PTS-STARTPTS,fps=30[v0] -c:v libx264 -preset ultrafast -profile:v baseline -crf 28 -b:v 1M -pix_fmt yuv420p -movflags +faststart -map [v0] /Users/gsus/CascadeProjects/AnimaGen/backend/output/preview_1751258235261_1751258263292.mp4

📉  Shutting down HTTP server...
✅  HTTP server closed. Bye!
